Script iniciado em 2026-02-17 11:20:03
Script iniciado em 2026-02-17 11:20:26
Script iniciado em 2026-02-17 11:23:27
Script iniciado em 2026-02-17 11:23:29
Script iniciado em 2026-02-17 11:24:47
Script iniciado em 2026-02-17 11:24:53
Script iniciado em 2026-02-17 12:32:07
Script iniciado em 2026-02-17 12:32:33
Script iniciado em 2026-02-17 12:39:20
Script iniciado em 2026-02-17 12:39:50
Script iniciado em 2026-02-17 15:20:16
Script iniciado em 2026-02-17 15:20:21
Script iniciado em 2026-02-17 15:22:43
Script iniciado em 2026-02-17 15:23:55
Script iniciado em 2026-02-17 15:39:09
Script iniciado em 2026-02-17 15:40:10
Script iniciado em 2026-02-17 15:50:32
Script iniciado em 2026-02-17 15:50:46
Script iniciado em 2026-02-17 15:56:09
Script iniciado em 2026-02-17 15:56:12
Script iniciado em 2026-02-17 16:00:50
Script iniciado em 2026-02-17 16:02:33
Script iniciado em 2026-02-17 16:03:10
Script iniciado em 2026-02-17 16:04:51
Script iniciado em 2026-02-17 16:06:07
Script iniciado em 2026-02-17 16:07:45
Script iniciado em 2026-02-17 16:08:52
Script iniciado em 2026-02-17 16:13:06
Script iniciado em 2026-02-17 16:14:32
Script iniciado em 2026-02-17 16:14:48
Script iniciado em 2026-02-17 16:15:16
Script iniciado em 2026-02-17 16:17:28
Script iniciado em 2026-02-17 16:22:56
Script iniciado em 2026-02-17 16:23:07
Script iniciado em 2026-02-17 16:28:03
Script iniciado em 2026-02-17 16:28:06
Script iniciado em 2026-02-17 16:28:50
Script iniciado em 2026-02-17 16:32:55
Script iniciado em 2026-02-17 16:34:19
Script iniciado em 2026-02-17 16:36:00
Usuários encontrados: 53
Inscritos para almoco: 5
Mensagem enviada: Pe João Dumba (351920124925) - Não te esqueças que estás inscrito para o almoço
Usuários encontrados: 53
Inscritos para jantar: 4
Mensagem enviada: Pe João Dumba (351920124925) - Não estás inscrito para o jantar
Script iniciado em 2026-02-17 16:37:11
Usuários encontrados: 53
Inscritos para almoco: 5
Mensagem enviada: Pe João Dumba (351920124925) - Não te esqueças que estás inscrito para o almoço
Usuários encontrados: 53
Inscritos para jantar: 4
Mensagem enviada: Pe João Dumba (351920124925) - Não estás inscrito para o jantar
Script iniciado em 2026-02-17 16:40:09
Script iniciado em 2026-02-17 18:43:27
Script iniciado em 2026-02-17 18:43:58
Script iniciado em 2026-02-17 20:39:39
Script iniciado em 2026-02-17 20:39:49
Script iniciado em 2026-02-17 20:42:11
Usuários encontrados: 54
Inscritos para almoco: 5
Mensagem enviada: Pe João Dumba (351920124925) - Não te esqueças que estás inscrito para o almoço
Mensagem enviada: Lucas (351933545209) - Não estás inscrito para o almoço
Usuários encontrados: 54
Inscritos para jantar: 4
Mensagem enviada: Pe João Dumba (351920124925) - Não estás inscrito para o jantar
Mensagem enviada: Lucas (351933545209) - Não estás inscrito para o jantar
--- Script iniciado em 2026-02-19 16:47:37 ---
--- Script finalizado em 2026-02-19 16:47:37 ---

--- Script iniciado em 2026-02-19 16:47:51 ---
--- Script finalizado em 2026-02-19 16:47:51 ---

--- Script iniciado em 2026-02-19 16:47:54 ---
--- Script finalizado em 2026-02-19 16:47:54 ---

--- Script iniciado em 2026-02-19 16:51:33 ---
--- Script finalizado em 2026-02-19 16:51:33 ---

